Arguments: 
  D:\soft\nodejs\node.exe C:\Users\hufeng10\AppData\Roaming\npm\node_modules\yarn\bin\yarn.js publish

PATH: 
  D:\soft\Git\mingw64\bin;D:\soft\Git\usr\bin;C:\Users\hufeng10\bin;C:\Program Files (x86)\Intel\iCLS Client;C:\Program Files\Intel\iCLS Client;C:\Windows\system32;C:\Windows;C:\Windows\System32\Wbem;C:\Windows\System32\WindowsPowerShell\v1.0;C:\Program Files\Intel\WiFi\bin;C:\Program Files\Common Files\Intel\WirelessCommon;C:\Program Files\Lenovo\Touch Fingerprint Software;C:\Program Files (x86)\Intel\UCRT;C:\Program Files\Intel\UCRT;C:\Program Files (x86)\Intel\Intel(R) Management Engine Components\DAL;C:\Program Files\Intel\Intel(R) Management Engine Components\DAL;C:\Program Files (x86)\Intel\Intel(R) Management Engine Components\IPT;C:\Program Files\Intel\Intel(R) Management Engine Components\IPT;D:\soft\Git\cmd;D:\soft\nodejs;D:\soft\tortoise\bin;C:\Program Files\Intel\WiFi\bin;C:\Program Files\Common Files\Intel\WirelessCommon;C:\Users\hufeng10\AppData\Roaming\npm;C:\Users\hufeng10\AppData\Local\hyper\app-2.1.2\resources\bin

Yarn version: 
  1.12.3

Node version: 
  10.14.2

Platform: 
  win32 x64

Trace: 
  Error: canceled
      at Interface.<anonymous> (C:\Users\hufeng10\AppData\Roaming\npm\node_modules\yarn\lib\cli.js:125278:13)
      at Interface.emit (events.js:182:13)
      at Interface._ttyWrite (readline.js:783:16)
      at ReadStream.onkeypress (readline.js:168:10)
      at ReadStream.emit (events.js:182:13)
      at emitKeys (internal/readline.js:424:14)
      at emitKeys.next (<anonymous>)
      at ReadStream.onData (readline.js:1022:36)
      at ReadStream.emit (events.js:182:13)
      at addChunk (_stream_readable.js:283:12)

npm manifest: 
  {
    "name": "@nutui/babel-plugin-separate-import",
    "version": "1.2.0",
    "description": "按需构建nutui2.0的组件，减小打包体积",
    "main": "index.js",
    "author": "famanoder",
    "repository": {
      "type": "git",
      "url": "https://github.com/jdf2e/separate-import.git"
    },
    "license": "MIT",
    "dependencies": {
      "babel-types": "^6.26.0"
    },
    "keywords": [
      "jdcfe",
      "nutui",
      "import"
    ]
  }

yarn manifest: 
  No manifest

Lockfile: 
  No lockfile
